
**** Build of configuration Debug for project helloWorld ****

/home/dell/ti/ccs9/ccs/utils/bin/gmake -k -j 8 all -O 
 
Building file: "../hello.c"
Invoking: ARM Compiler
"/home/dell/ti/ccs9/ccs/tools/compiler/ti-cgt-arm_18.12.2.LTS/bin/armcl" -mv4 --code_state=32 --include_path="/home/dell/Documents/work/ccs_workspace/helloWorld" --include_path="/home/dell/ti/ccs9/ccs/tools/compiler/ti-cgt-arm_18.12.2.LTS/include" -g --diag_warning=225 --diag_wrap=off --display_error_number --preproc_with_compile --preproc_dependency="hello.d_raw"  "../hello.c"
Finished building: "../hello.c"
 
Building target: "helloWorld.out"
Invoking: ARM Linker
"/home/dell/ti/ccs9/ccs/tools/compiler/ti-cgt-arm_18.12.2.LTS/bin/armcl" -mv4 --code_state=32 -g --diag_warning=225 --diag_wrap=off --display_error_number -z -m"helloWorld.map" -i"/home/dell/ti/ccs9/ccs/tools/compiler/ti-cgt-arm_18.12.2.LTS/lib" -i"/home/dell/ti/ccs9/ccs/tools/compiler/ti-cgt-arm_18.12.2.LTS/include" --reread_libs --diag_wrap=off --display_error_number --warn_sections --xml_link_info="helloWorld_linkInfo.xml" --rom_model -o "helloWorld.out" "./hello.obj"  -llibc.a 
<Linking>
warning #10366-D: automatic library build: using library "/home/dell/ti/ccs9/ccs/tools/compiler/ti-cgt-arm_18.12.2.LTS/lib/rtsv4_A_be_eabi.lib" for the first time, so it must be built.  This may take a few minutes.
Creating library /tmp/TI_MKLIBrhByQE/rtsv4_A_be_eabi.lib
warning #10247-D: creating output section ".text" without a SECTIONS specification
warning #10247-D: creating output section ".const" without a SECTIONS specification
warning #10247-D: creating output section ".data" without a SECTIONS specification
warning #10247-D: creating output section ".bss" without a SECTIONS specification
warning #10247-D: creating output section ".cinit" without a SECTIONS specification
warning #10247-D: creating output section ".sysmem" without a SECTIONS specification
warning #10210-D: creating ".stack" section with default size of 0x800; use the -stack option to change the default size
warning #10210-D: creating ".sysmem" section with default size of 0x800; use the -heap option to change the default size
Finished building target: "helloWorld.out"
 

**** Build Finished ****
