
**** Build of configuration Debug for project pwmled_EK_TM4C123GXL_TI ****

/home/dell/ti/ccs9/ccs/utils/bin/gmake -k -j 8 all -O 
 
making ../src/sysbios/sysbios.aem4f ...
Building file: "../pwmled.cfg"
Invoking: XDCtools
"/home/dell/ti/xdctools_3_32_00_06_core/xs" --xdcpath="/home/dell/ti/tirtos_tivac_2_16_00_08/packages;/home/dell/ti/tirtos_tivac_2_16_00_08/products/tidrivers_tivac_2_16_00_08/packages;/home/dell/ti/tirtos_tivac_2_16_00_08/products/bios_6_45_01_29/packages;/home/dell/ti/tirtos_tivac_2_16_00_08/products/ndk_2_25_00_09/packages;/home/dell/ti/tirtos_tivac_2_16_00_08/products/uia_2_00_05_50/packages;/home/dell/ti/tirtos_tivac_2_16_00_08/products/ns_1_11_00_10/packages;" xdc.tools.configuro -o configPkg -t ti.targets.arm.elf.M4F -p ti.platforms.tiva:TM4C123GH6PM -r release -c "/home/dell/ti/ccs9/ccs/tools/compiler/ti-cgt-arm_18.12.2.LTS" --compileOptions "-mv7M4 --code_state=16 --float_support=FPv4SPD16 -me --include_path=\"/home/dell/Documents/work/ccs_workspace/pwmled_EK_TM4C123GXL_TI\" --include_path=\"/home/dell/Documents/work/ccs_workspace/pwmled_EK_TM4C123GXL_TI\" --include_path=\"/home/dell/ti/tirtos_tivac_2_16_00_08/products/TivaWare_C_Series-2.1.1.71b\" --include_path=\"/home/dell/ti/tirtos_tivac_2_16_00_08/products/bios_6_45_01_29/packages/ti/sysbios/posix\" --include_path=\"/home/dell/ti/ccs9/ccs/tools/compiler/ti-cgt-arm_18.12.2.LTS/include\" --define=ccs=\"ccs\" --define=PART_TM4C123GH6PM --define=ccs --define=TIVAWARE -g --gcc --diag_warning=225 --diag_warning=255 --diag_wrap=off --display_error_number --gen_func_subsections=on --abi=eabi  " "../pwmled.cfg"
gmake[1]: Nothing to be done for 'all'.
configuring pwmled.xem4f from package/cfg/pwmled_pem4f.cfg ...
generating custom ti.sysbios library makefile ... 
Starting build of library sources ...
making /home/dell/Documents/work/ccs_workspace/pwmled_EK_TM4C123GXL_TI/src/sysbios/sysbios.aem4f ...
gmake[1]: Entering directory `/home/dell/Documents/work/ccs_workspace/pwmled_EK_TM4C123GXL_TI/src/sysbios'
gmake[1]: Nothing to be done for `all'.
gmake[1]: Leaving directory `/home/dell/Documents/work/ccs_workspace/pwmled_EK_TM4C123GXL_TI/src/sysbios'
Build of libraries done.
clem4f package/cfg/pwmled_pem4f.c ...
"package/cfg/pwmled_pem4f.c", line 15099: warning #112-D: statement is unreachable
"package/cfg/pwmled_pem4f.c", line 15585: warning #112-D: statement is unreachable
"package/cfg/pwmled_pem4f.c", line 15859: warning #112-D: statement is unreachable
"package/cfg/pwmled_pem4f.c", line 16040: warning #112-D: statement is unreachable
Finished building: "../pwmled.cfg"
 
making ../src/sysbios/sysbios.aem4f ...
gmake[2]: Nothing to be done for 'all'.
Building target: "pwmled_EK_TM4C123GXL_TI.out"
Invoking: ARM Linker
"/home/dell/ti/ccs9/ccs/tools/compiler/ti-cgt-arm_18.12.2.LTS/bin/armcl" -mv7M4 --code_state=16 --float_support=FPv4SPD16 -me --define=ccs="ccs" --define=PART_TM4C123GH6PM --define=ccs --define=TIVAWARE -g --gcc --diag_warning=225 --diag_warning=255 --diag_wrap=off --display_error_number --gen_func_subsections=on --abi=eabi -z -m"pwmled_EK_TM4C123GXL_TI.map" --heap_size=0 --stack_size=512 -i"/home/dell/ti/ccs9/ccs/tools/compiler/ti-cgt-arm_18.12.2.LTS/lib" -i"/home/dell/ti/ccs9/ccs/tools/compiler/ti-cgt-arm_18.12.2.LTS/include" --reread_libs --diag_wrap=off --display_error_number --warn_sections --xml_link_info="pwmled_EK_TM4C123GXL_TI_linkInfo.xml" --rom_model -o "pwmled_EK_TM4C123GXL_TI.out" "./EK_TM4C123GXL.obj" "./pwmled.obj" "../EK_TM4C123GXL.cmd" -l"configPkg/linker.cmd" -l"/home/dell/ti/tirtos_tivac_2_16_00_08/products/TivaWare_C_Series-2.1.1.71b/grlib/ccs/Debug/grlib.lib" -l"/home/dell/ti/tirtos_tivac_2_16_00_08/products/TivaWare_C_Series-2.1.1.71b/usblib/ccs/Debug/usblib.lib" -l"/home/dell/ti/tirtos_tivac_2_16_00_08/products/TivaWare_C_Series-2.1.1.71b/driverlib/ccs/Debug/driverlib.lib" -llibc.a 
<Linking>
Finished building target: "pwmled_EK_TM4C123GXL_TI.out"
 

**** Build Finished ****
